scheme 1 small batch insert cumsumption:255ms
scheme 1 small batch search cumsumption:1000ms
scheme 1 medium batch insert cumsumption:3274ms
scheme 1 medium batch search cumsumption:1280ms
scheme 1 large batch insert cumsumption:43155ms
scheme 1 large batch search cumsumption:1368ms
scheme 2 small batch insert cumsumption:227ms
scheme 2 small batch search cumsumption:976ms
scheme 2 medium batch insert cumsumption:3110ms
scheme 2 medium batch search cumsumption:1284ms
scheme 2 large batch insert cumsumption:42721ms
scheme 2 large batch search cumsumption:1392ms
scheme 3 small batch insert cumsumption:89ms
scheme 3 small batch search cumsumption:429ms
scheme 3 medium batch insert cumsumption:1302ms
scheme 3 medium batch search cumsumption:534ms
scheme 3 large batch insert cumsumption:19046ms
scheme 3 large batch search cumsumption:563ms
scheme 4 small batch insert cumsumption:87ms
scheme 4 small batch search cumsumption:800ms
scheme 4 medium batch insert cumsumption:1178ms
scheme 4 medium batch search cumsumption:928ms
scheme 4 large batch insert cumsumption:18457ms
scheme 4 large batch search cumsumption:1144ms
